Arguments: 
  C:\Program Files\nodejs\node.exe C:\Users\erikxue\AppData\Roaming\npm\node_modules\yarn\bin\yarn.js add axios

PATH: 
  C:\WINDOWS\system32;C:\WINDOWS;C:\WINDOWS\System32\Wbem;C:\WINDOWS\System32\WindowsPowerShell\v1.0\;C:\WINDOWS\System32\OpenSSH\;C:\Program Files\Intel\WiFi\bin\;C:\Program Files\Common Files\Intel\WirelessCommon\;C:\Program Files\Microsoft SQL Server\130\Tools\Binn\;C:\Program Files (x86)\GnuWin32\bin;D:\instantclient_18_3;C:\Program Files\TortoiseGit\bin;C:\Program Files\Microsoft SQL Server\150\Tools\Binn\;C:\Program Files\dotnet\;C:\Program Files\Git\cmd;C:\Program Files\Git\bin;C:\Program Files\nodejs\;C:\Users\erikxue\AppData\Local\Microsoft\WindowsApps;C:\Users\erikxue\.dotnet\tools;D:\Datagrip\DataGrip 2020.1.4\bin;D:\Visual Studio Code\Microsoft VS Code\bin;C:\Users\erikxue\AppData\Local\Microsoft\WindowsApps;C:\Users\erikxue\.dotnet\tools;C:\Program Files\Azure Data Studio\bin;C:\Users\erikxue\AppData\Roaming\npm

Yarn version: 
  1.22.19

Node version: 
  16.16.0

Platform: 
  win32 x64

Trace: 
  SyntaxError: D:\ts-build-web-framework\package.json: Unexpected token } in JSON at position 57
      at JSON.parse (<anonymous>)
      at C:\Users\erikxue\AppData\Roaming\npm\node_modules\yarn\lib\cli.js:1629:59
      at Generator.next (<anonymous>)
      at step (C:\Users\erikxue\AppData\Roaming\npm\node_modules\yarn\lib\cli.js:310:30)
      at C:\Users\erikxue\AppData\Roaming\npm\node_modules\yarn\lib\cli.js:321:13

npm manifest: 
  {
    "devDependencies": {
      "typescript": "^4.7.4"
    },
  }

yarn manifest: 
  No manifest

Lockfile: 
  No lockfile
